<?xml version="1.0" encoding="UTF-8"?>
<!-- Generated by org.testng.reporters.JUnitXMLReporter -->
<testsuite ignored="0" hostname="CLVITN-6D9BJG3" failures="0" tests="2" name="Command line test" time="26.747" errors="0" timestamp="2023-03-01T06:36:21 CET">
  <testcase classname="io.cucumber.testng.AbstractTestNGCucumberTests" name="runScenario" time="14.883"/>
  <testcase classname="io.cucumber.testng.AbstractTestNGCucumberTests" name="runScenario" time="11.217"/>
</testsuite> <!-- Command line test -->
