<?xml version="1.0" encoding="UTF-8"?>
<testng-results ignored="0" total="2" passed="2" failed="0" skipped="0">
  <reporter-output>
  </reporter-output>
  <suite started-at="2023-03-01T06:35:54 CET" name="RunCucumberTest" finished-at="2023-03-01T06:36:21 CET" duration-ms="26747">
    <groups>
      <group name="cucumber">
        <method signature="AbstractTestNGCucumberTests.runScenario(io.cucumber.testng.PickleWrapper, io.cucumber.testng.FeatureWrapper)[pri:0, instance:RunCucumberTest@4135c3b]" name="runScenario" class="io.cucumber.testng.AbstractTestNGCucumberTests"/>
      </group> <!-- cucumber -->
    </groups>
    <test started-at="2023-03-01T06:35:54 CET" name="Command line test" finished-at="2023-03-01T06:36:21 CET" duration-ms="26747">
      <class name="RunCucumberTest">
        <test-method is-config="true" signature="setUpClass(org.testng.ITestContext)[pri:0, instance:RunCucumberTest@4135c3b]" started-at="2023-03-01T06:35:54 CET" name="setUpClass" finished-at="2023-03-01T06:35:55 CET" duration-ms="547" status="PASS">
          <params>
            <param index="0">
              <value>
                <![CDATA[org.testng.TestRunner@5f5827d0]]>
              </value>
            </param>
          </params>
          <reporter-output>
          </reporter-output>
        </test-method> <!-- setUpClass -->
        <test-method signature="runScenario(io.cucumber.testng.PickleWrapper, io.cucumber.testng.FeatureWrapper)[pri:0, instance:RunCucumberTest@4135c3b]" started-at="2023-03-01T06:35:55 CET" name="runScenario" description="Runs Cucumber Scenarios" data-provider="scenarios" finished-at="2023-03-01T06:36:10 CET" duration-ms="14883" status="PASS">
          <params>
            <param index="0">
              <value>
                <![CDATA["To verify that login works for valid credentials"]]>
              </value>
            </param>
            <param index="1">
              <value>
                <![CDATA["Objective of this feature is to test the login functionality for Tour Radar"]]>
              </value>
            </param>
          </params>
          <reporter-output>
          </reporter-output>
        </test-method> <!-- runScenario -->
        <test-method signature="runScenario(io.cucumber.testng.PickleWrapper, io.cucumber.testng.FeatureWrapper)[pri:0, instance:RunCucumberTest@4135c3b]" started-at="2023-03-01T06:36:10 CET" name="runScenario" description="Runs Cucumber Scenarios" data-provider="scenarios" finished-at="2023-03-01T06:36:21 CET" duration-ms="11217" status="PASS">
          <params>
            <param index="0">
              <value>
                <![CDATA["To verify that search works as expected with application"]]>
              </value>
            </param>
            <param index="1">
              <value>
                <![CDATA["Objective of this feature is to test the search feature"]]>
              </value>
            </param>
          </params>
          <reporter-output>
          </reporter-output>
        </test-method> <!-- runScenario -->
        <test-method is-config="true" signature="tearDownClass()[pri:0, instance:RunCucumberTest@4135c3b]" started-at="2023-03-01T06:36:21 CET" name="tearDownClass" finished-at="2023-03-01T06:36:21 CET" duration-ms="79" status="PASS">
          <reporter-output>
          </reporter-output>
        </test-method> <!-- tearDownClass -->
      </class> <!-- RunCucumberTest -->
    </test> <!-- Command line test -->
  </suite> <!-- RunCucumberTest -->
</testng-results>
